<?xml version="1.0" encoding="UTF-8"?>
<!-- Generated by org.testng.reporters.JUnitReportReporter -->
<testsuite hostname="DESKTOP-8BQA474" failures="0" tests="3" name="testcases.QA_Automation_Labs_all_TestCases" time="81.762" errors="0" timestamp="2026-06-12T13:09:30 IST" skipped="0">
  <testcase classname="testcases.QA_Automation_Labs_all_TestCases" name="login_testcase" time="34.658"/>
  <testcase classname="testcases.QA_Automation_Labs_all_TestCases" name="add_to_cart_testcase" time="15.842"/>
  <testcase classname="testcases.QA_Automation_Labs_all_TestCases" name="checkout_n_address_testcase" time="31.262"/>
</testsuite> <!-- testcases.QA_Automation_Labs_all_TestCases -->
