<?xml version="1.0" encoding="UTF-8"?>
<testng-results ignored="0" total="3" passed="3" failed="0" skipped="0">
  <reporter-output>
  </reporter-output>
  <suite started-at="2026-06-12T13:08:07 IST" name="QA Automation Test" finished-at="2026-06-12T13:09:30 IST" duration-ms="82056">
    <groups>
    </groups>
    <test started-at="2026-06-12T13:08:07 IST" name="Test" finished-at="2026-06-12T13:09:30 IST" duration-ms="82056">
      <class name="testcases.QA_Automation_Labs_all_TestCases">
        <test-method is-config="true" signature="setupReport()[pri:0, instance:testcases.QA_Automation_Labs_all_TestCases@3228d990]" started-at="2026-06-12T13:08:07 IST" name="setupReport" finished-at="2026-06-12T13:08:07 IST" duration-ms="139" status="PASS">
          <reporter-output>
          </reporter-output>
        </test-method> <!-- setupReport -->
        <test-method is-config="true" signature="initialize_n_OpenBrowser(java.lang.reflect.Method)[pri:0, instance:testcases.QA_Automation_Labs_all_TestCases@3228d990]" started-at="2026-06-12T13:08:08 IST" name="initialize_n_OpenBrowser" finished-at="2026-06-12T13:08:35 IST" duration-ms="27366" status="PASS">
          <params>
            <param index="0">
              <value>
                <![CDATA[public void testcases.QA_Automation_Labs_all_TestCases.login_testcase() throws java.io.IOException,java.lang.InterruptedException]]>
              </value>
            </param>
          </params>
          <reporter-output>
          </reporter-output>
        </test-method> <!-- initialize_n_OpenBrowser -->
        <test-method signature="login_testcase()[pri:0, instance:testcases.QA_Automation_Labs_all_TestCases@3228d990]" started-at="2026-06-12T13:08:35 IST" name="login_testcase" finished-at="2026-06-12T13:08:41 IST" duration-ms="6303" status="PASS">
          <reporter-output>
          </reporter-output>
        </test-method> <!-- login_testcase -->
        <test-method is-config="true" signature="closeBrowser()[pri:0, instance:testcases.QA_Automation_Labs_all_TestCases@3228d990]" started-at="2026-06-12T13:08:41 IST" name="closeBrowser" finished-at="2026-06-12T13:08:42 IST" duration-ms="921" status="PASS">
          <reporter-output>
          </reporter-output>
        </test-method> <!-- closeBrowser -->
        <test-method is-config="true" signature="initialize_n_OpenBrowser(java.lang.reflect.Method)[pri:0, instance:testcases.QA_Automation_Labs_all_TestCases@3228d990]" started-at="2026-06-12T13:08:42 IST" name="initialize_n_OpenBrowser" finished-at="2026-06-12T13:08:48 IST" duration-ms="5220" status="PASS">
          <params>
            <param index="0">
              <value>
                <![CDATA[public void testcases.QA_Automation_Labs_all_TestCases.add_to_cart_testcase() throws java.io.IOException,java.lang.InterruptedException]]>
              </value>
            </param>
          </params>
          <reporter-output>
          </reporter-output>
        </test-method> <!-- initialize_n_OpenBrowser -->
        <test-method signature="add_to_cart_testcase()[pri:1, instance:testcases.QA_Automation_Labs_all_TestCases@3228d990]" started-at="2026-06-12T13:08:48 IST" name="add_to_cart_testcase" finished-at="2026-06-12T13:08:57 IST" duration-ms="9701" status="PASS">
          <reporter-output>
          </reporter-output>
        </test-method> <!-- add_to_cart_testcase -->
        <test-method is-config="true" signature="closeBrowser()[pri:0, instance:testcases.QA_Automation_Labs_all_TestCases@3228d990]" started-at="2026-06-12T13:08:57 IST" name="closeBrowser" finished-at="2026-06-12T13:08:58 IST" duration-ms="1070" status="PASS">
          <reporter-output>
          </reporter-output>
        </test-method> <!-- closeBrowser -->
        <test-method is-config="true" signature="initialize_n_OpenBrowser(java.lang.reflect.Method)[pri:0, instance:testcases.QA_Automation_Labs_all_TestCases@3228d990]" started-at="2026-06-12T13:08:58 IST" name="initialize_n_OpenBrowser" finished-at="2026-06-12T13:09:03 IST" duration-ms="4636" status="PASS">
          <params>
            <param index="0">
              <value>
                <![CDATA[public void testcases.QA_Automation_Labs_all_TestCases.checkout_n_address_testcase() throws java.io.IOException,java.lang.InterruptedException]]>
              </value>
            </param>
          </params>
          <reporter-output>
          </reporter-output>
        </test-method> <!-- initialize_n_OpenBrowser -->
        <test-method signature="checkout_n_address_testcase()[pri:2, instance:testcases.QA_Automation_Labs_all_TestCases@3228d990]" started-at="2026-06-12T13:09:03 IST" name="checkout_n_address_testcase" finished-at="2026-06-12T13:09:29 IST" duration-ms="25556" status="PASS">
          <reporter-output>
          </reporter-output>
        </test-method> <!-- checkout_n_address_testcase -->
        <test-method is-config="true" signature="closeBrowser()[pri:0, instance:testcases.QA_Automation_Labs_all_TestCases@3228d990]" started-at="2026-06-12T13:09:29 IST" name="closeBrowser" finished-at="2026-06-12T13:09:30 IST" duration-ms="989" status="PASS">
          <reporter-output>
          </reporter-output>
        </test-method> <!-- closeBrowser -->
        <test-method is-config="true" signature="flushReport()[pri:0, instance:testcases.QA_Automation_Labs_all_TestCases@3228d990]" started-at="2026-06-12T13:09:30 IST" name="flushReport" finished-at="2026-06-12T13:09:30 IST" duration-ms="266" status="PASS">
          <reporter-output>
          </reporter-output>
        </test-method> <!-- flushReport -->
      </class> <!-- testcases.QA_Automation_Labs_all_TestCases -->
    </test> <!-- Test -->
  </suite> <!-- QA Automation Test -->
</testng-results>
