<?xml version="1.0" encoding="UTF-8"?>
<!-- Generated by org.testng.reporters.JUnitXMLReporter -->
<testsuite ignored="0" hostname="DESKTOP-8BQA474" failures="0" tests="3" name="Test" time="82.056" errors="0" timestamp="2026-06-12T13:09:30 IST">
  <testcase classname="testcases.QA_Automation_Labs_all_TestCases" name="login_testcase" time="6.303"/>
  <testcase classname="testcases.QA_Automation_Labs_all_TestCases" name="add_to_cart_testcase" time="9.701"/>
  <testcase classname="testcases.QA_Automation_Labs_all_TestCases" name="checkout_n_address_testcase" time="25.556"/>
</testsuite> <!-- Test -->
