<?xml version="1.0" encoding="UTF-8"?>
<testng-results ignored="2" total="3" passed="1" failed="0" skipped="0">
  <reporter-output>
  </reporter-output>
  <suite started-at="2026-06-10T00:45:19 IST" name="Default suite" finished-at="2026-06-10T00:45:34 IST" duration-ms="14803">
    <groups>
    </groups>
    <test started-at="2026-06-10T00:45:19 IST" name="Default test" finished-at="2026-06-10T00:45:34 IST" duration-ms="14803">
      <class name="testcases.Saucedemo_all_Testcase">
        <test-method is-config="true" signature="setupReport()[pri:0, instance:testcases.Saucedemo_all_Testcase@410ae9a3]" started-at="2026-06-10T00:45:19 IST" name="setupReport" finished-at="2026-06-10T00:45:19 IST" duration-ms="123" status="PASS">
          <reporter-output>
          </reporter-output>
        </test-method> <!-- setupReport -->
        <test-method is-config="true" signature="initialize_n_OpenBrowser(java.lang.reflect.Method)[pri:0, instance:testcases.Saucedemo_all_Testcase@410ae9a3]" started-at="2026-06-10T00:45:19 IST" name="initialize_n_OpenBrowser" finished-at="2026-06-10T00:45:24 IST" duration-ms="5267" status="PASS">
          <params>
            <param index="0">
              <value>
                <![CDATA[public void testcases.Saucedemo_all_Testcase.login_testcase() throws java.io.IOException,java.lang.InterruptedException]]>
              </value>
            </param>
          </params>
          <reporter-output>
          </reporter-output>
        </test-method> <!-- initialize_n_OpenBrowser -->
        <test-method signature="login_testcase()[pri:0, instance:testcases.Saucedemo_all_Testcase@410ae9a3]" started-at="2026-06-10T00:45:24 IST" name="login_testcase" finished-at="2026-06-10T00:45:33 IST" duration-ms="8362" status="PASS">
          <reporter-output>
          </reporter-output>
        </test-method> <!-- login_testcase -->
        <test-method is-config="true" signature="closeBrowser()[pri:0, instance:testcases.Saucedemo_all_Testcase@410ae9a3]" started-at="2026-06-10T00:45:33 IST" name="closeBrowser" finished-at="2026-06-10T00:45:34 IST" duration-ms="917" status="PASS">
          <reporter-output>
          </reporter-output>
        </test-method> <!-- closeBrowser -->
        <test-method is-config="true" signature="flushReport()[pri:0, instance:testcases.Saucedemo_all_Testcase@410ae9a3]" started-at="2026-06-10T00:45:34 IST" name="flushReport" finished-at="2026-06-10T00:45:34 IST" duration-ms="241" status="PASS">
          <reporter-output>
          </reporter-output>
        </test-method> <!-- flushReport -->
      </class> <!-- testcases.Saucedemo_all_Testcase -->
    </test> <!-- Default test -->
  </suite> <!-- Default suite -->
</testng-results>
