<?xml version="1.0" encoding="UTF-8"?>
<!-- Generated by org.testng.reporters.JUnitXMLReporter -->
<testsuite ignored="2" hostname="DESKTOP-8BQA474" failures="0" tests="1" name="Default test" time="32.912" errors="0" timestamp="2026-06-10T17:52:01 IST">
  <testcase classname="testcases.QA_Automation_Labs_all_TestCases" name="checkout_n_address_testcase" time="27.154"/>
  <testcase classname="testcases.QA_Automation_Labs_all_TestCases" name="add_to_cart_testcase" time="0.0">
    <ignored/>
  </testcase> <!-- add_to_cart_testcase -->
  <testcase classname="testcases.QA_Automation_Labs_all_TestCases" name="login_testcase" time="0.0">
    <ignored/>
  </testcase> <!-- login_testcase -->
</testsuite> <!-- Default test -->
