<?xml version="1.0" encoding="UTF-8"?>
<!-- Generated by org.testng.reporters.JUnitXMLReporter -->
<testsuite ignored="2" hostname="DESKTOP-8BQA474" failures="0" tests="1" name="Default test" time="14.803" errors="0" timestamp="2026-06-10T00:45:34 IST">
  <testcase classname="testcases.Saucedemo_all_Testcase" name="login_testcase" time="8.362"/>
  <testcase classname="testcases.Saucedemo_all_Testcase" name="add_to_cart_testcase" time="0.0">
    <ignored/>
  </testcase> <!-- add_to_cart_testcase -->
  <testcase classname="testcases.Saucedemo_all_Testcase" name="checkout_n_address_testcase" time="0.0">
    <ignored/>
  </testcase> <!-- checkout_n_address_testcase -->
</testsuite> <!-- Default test -->
